<?xml version="1.0" encoding="utf-8"?><testsuites name="pytest tests"><testsuite name="pytest" errors="0" failures="0" skipped="0" tests="12" time="55.943" timestamp="2026-08-30T06:36:28.687950+00:00" hostname="agent-env-0efac40f-0a8d-4414-958f-21d16ba024ea"><testcase classname="tests.backend_test" name="test_health" time="0.223" /><testcase classname="tests.backend_test" name="test_unauth_me_rejected" time="0.189" /><testcase classname="tests.backend_test" name="test_admin_me" time="1.862" /><testcase classname="tests.backend_test" name="test_viewer_bootstrap_as_viewer" time="6.904" /><testcase classname="tests.backend_test" name="test_employee_crud_flow" time="10.809" /><testcase classname="tests.backend_test" name="test_viewer_cannot_create_employee" time="1.146" /><testcase classname="tests.backend_test" name="test_viewer_salary_hidden" time="5.922" /><testcase classname="tests.backend_test" name="test_report_tags" time="0.099" /><testcase classname="tests.backend_test" name="test_report_upload_invalid_filename" time="1.170" /><testcase classname="tests.backend_test" name="test_report_upload_and_list_and_download" time="10.061" /><testcase classname="tests.backend_test" name="test_viewer_cannot_see_leadership_report" time="9.137" /><testcase classname="tests.backend_test" name="test_admin_can_list_and_update_team" time="7.890" /></testsuite></testsuites>