<?xml version="1.0" encoding="utf-8"?><testsuites name="pytest tests"><testsuite name="pytest" errors="0" failures="0" skipped="0" tests="26" time="46.104" timestamp="2026-08-30T07:49:04.838413+00:00" hostname="agent-env-0efac40f-0a8d-4414-958f-21d16ba024ea"><testcase classname="backend.tests.backend_test" name="test_health" time="0.284" /><testcase classname="backend.tests.backend_test" name="test_lookup_ok" time="0.637" /><testcase classname="backend.tests.backend_test" name="test_lookup_unknown" time="0.827" /><testcase classname="backend.tests.backend_test" name="test_me_no_token" time="0.124" /><testcase classname="backend.tests.backend_test" name="test_me_no_slug" time="1.034" /><testcase classname="backend.tests.backend_test" name="test_me_wrong_workspace" time="1.352" /><testcase classname="backend.tests.backend_test" name="test_me_ok" time="0.891" /><testcase classname="backend.tests.backend_test" name="test_team_list_admin" time="1.128" /><testcase classname="backend.tests.backend_test" name="test_team_invite_bad_role" time="0.885" /><testcase classname="backend.tests.backend_test" name="test_team_invite_short_password" time="0.855" /><testcase classname="backend.tests.backend_test" name="test_team_invite_flow" time="6.141" /><testcase classname="backend.tests.backend_test" name="test_manager_cannot_invite" time="1.294" /><testcase classname="backend.tests.backend_test" name="test_employees_list_admin_sees_salary" time="2.244" /><testcase classname="backend.tests.backend_test" name="test_employees_manager_sees_null_salary" time="1.120" /><testcase classname="backend.tests.backend_test" name="test_employees_search_and_shift" time="1.122" /><testcase classname="backend.tests.backend_test" name="test_employees_patch" time="1.369" /><testcase classname="backend.tests.backend_test" name="test_manager_cannot_delete_employee" time="1.045" /><testcase classname="backend.tests.backend_test" name="test_absences_bad_date" time="1.108" /><testcase classname="backend.tests.backend_test" name="test_absences_crud_admin" time="7.481" /><testcase classname="backend.tests.backend_test" name="test_absence_cross_workspace_delete_404" time="1.166" /><testcase classname="backend.tests.backend_test" name="test_reports_tags" time="0.087" /><testcase classname="backend.tests.backend_test" name="test_reports_upload_bad_filename" time="0.840" /><testcase classname="backend.tests.backend_test" name="test_reports_upload_not_pdf" time="0.884" /><testcase classname="backend.tests.backend_test" name="test_reports_list_and_download" time="4.521" /><testcase classname="backend.tests.backend_test" name="test_manager_cannot_upload" time="0.934" /><testcase classname="backend.tests.backend_test" name="test_manager_reports_list_filtered" time="6.562" /></testsuite></testsuites>